-- The C compiler identification is GNU 11.4.0
-- The CXX compiler identification is GNU 11.4.0
-- Detecting C compiler ABI info
-- Detecting C compiler ABI info - done
-- Check for working C compiler: /usr/bin/cc - skipped
-- Detecting C compile features
-- Detecting C compile features - done
-- Detecting CXX compiler ABI info
-- Detecting CXX compiler ABI info - done
-- Check for working CXX compiler: /usr/bin/c++ - skipped
-- Detecting CXX compile features
-- Detecting CXX compile features - done
-- Found ament_cmake: 1.3.14 (/opt/ros/humble/share/ament_cmake/cmake)
-- Found Python3: /usr/bin/python3 (found version "3.10.12") found components: Interpreter 
-- Found rclcpp: 16.0.18 (/opt/ros/humble/share/rclcpp/cmake)
-- Found rosidl_generator_c: 3.1.8 (/opt/ros/humble/share/rosidl_generator_c/cmake)
-- Found rosidl_adapter: 3.1.8 (/opt/ros/humble/share/rosidl_adapter/cmake)
-- Found rosidl_generator_cpp: 3.1.8 (/opt/ros/humble/share/rosidl_generator_cpp/cmake)
-- Using all available rosidl_typesupport_c: rosidl_typesupport_fastrtps_c;rosidl_typesupport_introspection_c
-- Using all available rosidl_typesupport_cpp: rosidl_typesupport_fastrtps_cpp;rosidl_typesupport_introspection_cpp
-- Found rmw_implementation_cmake: 6.1.2 (/opt/ros/humble/share/rmw_implementation_cmake/cmake)
-- Found rmw_fastrtps_cpp: 6.2.10 (/opt/ros/humble/share/rmw_fastrtps_cpp/cmake)
-- Found OpenSSL: /usr/lib/x86_64-linux-gnu/libcrypto.so (found version "3.0.2")  
-- Found FastRTPS: /opt/ros/humble/include  
-- Using RMW implementation 'rmw_fastrtps_cpp' as default
-- Looking for pthread.h
-- Looking for pthread.h - found
-- Performing Test CMAKE_HAVE_LIBC_PTHREAD
-- Performing Test CMAKE_HAVE_LIBC_PTHREAD - Success
-- Found Threads: TRUE  
-- Found rosidl_default_generators: 1.2.1 (/opt/ros/humble/share/rosidl_default_generators/cmake)
-- Found ament_lint_auto: 0.12.15 (/opt/ros/humble/share/ament_lint_auto/cmake)
-- Found ament_cmake_ros: 0.10.0 (/opt/ros/humble/share/ament_cmake_ros/cmake)
-- Using all available rosidl_typesupport_c: rosidl_typesupport_fastrtps_c;rosidl_typesupport_introspection_c
-- Using all available rosidl_typesupport_cpp: rosidl_typesupport_fastrtps_cpp;rosidl_typesupport_introspection_cpp
-- Found PythonInterp: /usr/bin/python3 (found suitable version "3.10.12", minimum required is "3.6") 
-- Found python_cmake_module: 0.10.0 (/opt/ros/humble/share/python_cmake_module/cmake)
-- Found PythonLibs: /usr/lib/x86_64-linux-gnu/libpython3.10.so (found suitable version "3.10.12", minimum required is "3.5") 
-- Using PYTHON_EXECUTABLE: /usr/bin/python3
-- Using PYTHON_INCLUDE_DIRS: /usr/include/python3.10
-- Using PYTHON_LIBRARIES: /usr/lib/x86_64-linux-gnu/libpython3.10.so
-- Found PythonExtra: .so  
[0mCMake Deprecation Warning at /opt/ros/humble/share/rosidl_cmake/cmake/rosidl_target_interfaces.cmake:32 (message):
  Use rosidl_get_typesupport_target() and target_link_libraries() instead of
  rosidl_target_interfaces()
Call Stack (most recent call first):
  CMakeLists.txt:37 (rosidl_target_interfaces)

[0m
[0mCMake Deprecation Warning at /opt/ros/humble/share/rosidl_cmake/cmake/rosidl_target_interfaces.cmake:32 (message):
  Use rosidl_get_typesupport_target() and target_link_libraries() instead of
  rosidl_target_interfaces()
Call Stack (most recent call first):
  CMakeLists.txt:38 (rosidl_target_interfaces)

[0m
-- Added test 'cppcheck' to perform static code analysis on C / C++ code
-- Configured cppcheck include dirs: 
-- Configured cppcheck exclude dirs and/or files: 
-- Added test 'lint_cmake' to check CMake code style
-- Added test 'uncrustify' to check C / C++ code style
-- Configured uncrustify additional arguments: 
-- Added test 'xmllint' to check XML markup files
-- Configuring done
-- Generating done
-- Build files have been written to: /home/priyanshi/ros2_ws/build/cashier_system
[  2%] [34m[1mGenerating C code for ROS interfaces[0m
[  5%] [34m[1mGenerating C++ code for ROS interfaces[0m
[  7%] [32mBuilding CXX object CMakeFiles/display_node.dir/src/display_node.cpp.o[0m
[ 10%] [34m[1mGenerating Rust code for ROS interfaces[0m
[ 10%] Built target ament_cmake_python_copy_cashier_system
[ 10%] Built target cashier_system__rs
running egg_info
creating cashier_system.egg-info
[ 10%] Built target cashier_system__cpp
writing cashier_system.egg-info/PKG-INFO
writing dependency_links to cashier_system.egg-info/dependency_links.txt
writing top-level names to cashier_system.egg-info/top_level.txt
writing manifest file 'cashier_system.egg-info/SOURCES.txt'
reading manifest file 'cashier_system.egg-info/SOURCES.txt'
writing manifest file 'cashier_system.egg-info/SOURCES.txt'
[ 18%] [32mBuilding C object CMakeFiles/cashier_system__rosidl_generator_c.dir/rosidl_generator_c/cashier_system/msg/detail/bill__functions.c.o[0m
[ 18%] [34m[1mGenerating C++ introspection for ROS interfaces[0m
[ 18%] [34m[1mGenerating C++ type support for eProsima Fast-RTPS[0m
[ 21%] [34m[1mGenerating C++ type support dispatch for ROS interfaces[0m
[ 21%] Built target ament_cmake_python_build_cashier_system_egg
[ 23%] [32m[1mLinking C shared library libcashier_system__rosidl_generator_c.so[0m
[ 23%] Built target cashier_system__rosidl_generator_c
[ 26%] [34m[1mGenerating C type support dispatch for ROS interfaces[0m
[ 28%] [34m[1mGenerating C introspection for ROS interfaces[0m
[ 31%] [34m[1mGenerating C type support for eProsima Fast-RTPS[0m
[ 34%] [32mBuilding CXX object CMakeFiles/cashier_system__rosidl_typesupport_cpp.dir/rosidl_typesupport_cpp/cashier_system/msg/bill__type_support.cpp.o[0m
[ 36%] [32mBuilding CXX object CMakeFiles/cashier_system__rosidl_typesupport_introspection_cpp.dir/rosidl_typesupport_introspection_cpp/cashier_system/msg/detail/bill__type_support.cpp.o[0m
[ 39%] [32mBuilding CXX object CMakeFiles/cashier_system__rosidl_typesupport_fastrtps_cpp.dir/rosidl_typesupport_fastrtps_cpp/cashier_system/msg/detail/dds_fastrtps/bill__type_support.cpp.o[0m
[ 42%] [32mBuilding CXX object CMakeFiles/cashier_system__rosidl_typesupport_c.dir/rosidl_typesupport_c/cashier_system/msg/bill__type_support.cpp.o[0m
[ 44%] [32m[1mLinking CXX shared library libcashier_system__rosidl_typesupport_c.so[0m
[ 47%] [32mBuilding CXX object CMakeFiles/cashier_system__rosidl_typesupport_fastrtps_c.dir/rosidl_typesupport_fastrtps_c/cashier_system/msg/detail/bill__type_support_c.cpp.o[0m
[ 47%] Built target cashier_system__rosidl_typesupport_c
[ 50%] [32m[1mLinking CXX shared library libcashier_system__rosidl_typesupport_cpp.so[0m
[ 52%] [32mBuilding C object CMakeFiles/cashier_system__rosidl_typesupport_introspection_c.dir/rosidl_typesupport_introspection_c/cashier_system/msg/detail/bill__type_support.c.o[0m
[ 52%] Built target cashier_system__rosidl_typesupport_cpp
[ 55%] [32m[1mLinking C shared library libcashier_system__rosidl_typesupport_introspection_c.so[0m
[ 57%] [32m[1mLinking CXX shared library libcashier_system__rosidl_typesupport_introspection_cpp.so[0m
[ 57%] Built target cashier_system__rosidl_typesupport_introspection_c
[ 60%] [32m[1mLinking CXX shared library libcashier_system__rosidl_typesupport_fastrtps_cpp.so[0m
[ 60%] Built target cashier_system__rosidl_typesupport_introspection_cpp
[ 63%] [32m[1mLinking CXX shared library libcashier_system__rosidl_typesupport_fastrtps_c.so[0m
[ 63%] Built target cashier_system__rosidl_typesupport_fastrtps_cpp
[ 63%] Built target cashier_system__rosidl_typesupport_fastrtps_c
[ 63%] Built target cashier_system
[ 65%] [32mBuilding CXX object CMakeFiles/inventory_node.dir/src/inventory_node.cpp.o[0m
[ 68%] [32mBuilding CXX object CMakeFiles/billing_node.dir/src/billing_node.cpp.o[0m
[ 71%] [34m[1mGenerating Python code for ROS interfaces[0m
[ 71%] Built target cashier_system__py
[ 73%] [32mBuilding C object CMakeFiles/cashier_system__rosidl_generator_py.dir/rosidl_generator_py/cashier_system/msg/_bill_s.c.o[0m
[ 76%] [32m[1mLinking C shared library rosidl_generator_py/cashier_system/libcashier_system__rosidl_generator_py.so[0m
[ 76%] Built target cashier_system__rosidl_generator_py
[ 81%] [32mBuilding C object CMakeFiles/cashier_system__rosidl_typesupport_introspection_c__pyext.dir/rosidl_generator_py/cashier_system/_cashier_system_s.ep.rosidl_typesupport_introspection_c.c.o[0m
[ 81%] [32mBuilding C object CMakeFiles/cashier_system__rosidl_typesupport_fastrtps_c__pyext.dir/rosidl_generator_py/cashier_system/_cashier_system_s.ep.rosidl_typesupport_fastrtps_c.c.o[0m
[ 84%] [32mBuilding C object CMakeFiles/cashier_system__rosidl_typesupport_c__pyext.dir/rosidl_generator_py/cashier_system/_cashier_system_s.ep.rosidl_typesupport_c.c.o[0m
[ 86%] [32m[1mLinking C shared library rosidl_generator_py/cashier_system/cashier_system_s__rosidl_typesupport_introspection_c.cpython-310-x86_64-linux-gnu.so[0m
[ 89%] [32m[1mLinking C shared library rosidl_generator_py/cashier_system/cashier_system_s__rosidl_typesupport_fastrtps_c.cpython-310-x86_64-linux-gnu.so[0m
[ 92%] [32m[1mLinking C shared library rosidl_generator_py/cashier_system/cashier_system_s__rosidl_typesupport_c.cpython-310-x86_64-linux-gnu.so[0m
[ 92%] Built target cashier_system__rosidl_typesupport_introspection_c__pyext
[ 92%] Built target cashier_system__rosidl_typesupport_fastrtps_c__pyext
[ 92%] Built target cashier_system__rosidl_typesupport_c__pyext
[ 94%] [32m[1mLinking CXX executable billing_node[0m
[ 94%] Built target billing_node
[ 97%] [32m[1mLinking CXX executable display_node[0m
[ 97%] Built target display_node
[100%] [32m[1mLinking CXX executable inventory_node[0m
[100%] Built target inventory_node
-- Install configuration: ""
-- Installing: /home/priyanshi/ros2_ws/install/cashier_system/share/ament_index/resource_index/rosidl_interfaces/cashier_system
-- Installing: /home/priyanshi/ros2_ws/install/cashier_system/include/cashier_system/cashier_system
-- Installing: /home/priyanshi/ros2_ws/install/cashier_system/include/cashier_system/cashier_system/msg
-- Installing: /home/priyanshi/ros2_ws/install/cashier_system/include/cashier_system/cashier_system/msg/detail
-- Installing: /home/priyanshi/ros2_ws/install/cashier_system/include/cashier_system/cashier_system/msg/detail/bill__functions.c
-- Installing: /home/priyanshi/ros2_ws/install/cashier_system/include/cashier_system/cashier_system/msg/detail/bill__functions.h
-- Installing: /home/priyanshi/ros2_ws/install/cashier_system/include/cashier_system/cashier_system/msg/detail/bill__type_support.h
-- Installing: /home/priyanshi/ros2_ws/install/cashier_system/include/cashier_system/cashier_system/msg/detail/bill__struct.h
-- Installing: /home/priyanshi/ros2_ws/install/cashier_system/include/cashier_system/cashier_system/msg/rosidl_generator_c__visibility_control.h
-- Installing: /home/priyanshi/ros2_ws/install/cashier_system/include/cashier_system/cashier_system/msg/bill.h
-- Installing: /home/priyanshi/ros2_ws/install/cashier_system/share/cashier_system/environment/library_path.sh
-- Installing: /home/priyanshi/ros2_ws/install/cashier_system/share/cashier_system/environment/library_path.dsv
-- Installing: /home/priyanshi/ros2_ws/install/cashier_system/lib/libcashier_system__rosidl_generator_c.so
-- Set runtime path of "/home/priyanshi/ros2_ws/install/cashier_system/lib/libcashier_system__rosidl_generator_c.so" to ""
-- Up-to-date: /home/priyanshi/ros2_ws/install/cashier_system/include/cashier_system/cashier_system
-- Up-to-date: /home/priyanshi/ros2_ws/install/cashier_system/include/cashier_system/cashier_system/msg
-- Up-to-date: /home/priyanshi/ros2_ws/install/cashier_system/include/cashier_system/cashier_system/msg/detail
-- Installing: /home/priyanshi/ros2_ws/install/cashier_system/include/cashier_system/cashier_system/msg/detail/bill__rosidl_typesupport_fastrtps_c.h
-- Installing: /home/priyanshi/ros2_ws/install/cashier_system/include/cashier_system/cashier_system/msg/rosidl_typesupport_fastrtps_c__visibility_control.h
-- Installing: /home/priyanshi/ros2_ws/install/cashier_system/lib/libcashier_system__rosidl_typesupport_fastrtps_c.so
-- Set runtime path of "/home/priyanshi/ros2_ws/install/cashier_system/lib/libcashier_system__rosidl_typesupport_fastrtps_c.so" to ""
-- Up-to-date: /home/priyanshi/ros2_ws/install/cashier_system/include/cashier_system/cashier_system
-- Up-to-date: /home/priyanshi/ros2_ws/install/cashier_system/include/cashier_system/cashier_system/msg
-- Up-to-date: /home/priyanshi/ros2_ws/install/cashier_system/include/cashier_system/cashier_system/msg/detail
-- Installing: /home/priyanshi/ros2_ws/install/cashier_system/include/cashier_system/cashier_system/msg/detail/bill__builder.hpp
-- Installing: /home/priyanshi/ros2_ws/install/cashier_system/include/cashier_system/cashier_system/msg/detail/bill__traits.hpp
-- Installing: /home/priyanshi/ros2_ws/install/cashier_system/include/cashier_system/cashier_system/msg/detail/bill__type_support.hpp
-- Installing: /home/priyanshi/ros2_ws/install/cashier_system/include/cashier_system/cashier_system/msg/detail/bill__struct.hpp
-- Installing: /home/priyanshi/ros2_ws/install/cashier_system/include/cashier_system/cashier_system/msg/rosidl_generator_cpp__visibility_control.hpp
-- Installing: /home/priyanshi/ros2_ws/install/cashier_system/include/cashier_system/cashier_system/msg/bill.hpp
-- Up-to-date: /home/priyanshi/ros2_ws/install/cashier_system/include/cashier_system/cashier_system
-- Up-to-date: /home/priyanshi/ros2_ws/install/cashier_system/include/cashier_system/cashier_system/msg
-- Up-to-date: /home/priyanshi/ros2_ws/install/cashier_system/include/cashier_system/cashier_system/msg/detail
-- Installing: /home/priyanshi/ros2_ws/install/cashier_system/include/cashier_system/cashier_system/msg/detail/bill__rosidl_typesupport_fastrtps_cpp.hpp
-- Installing: /home/priyanshi/ros2_ws/install/cashier_system/include/cashier_system/cashier_system/msg/detail/dds_fastrtps
-- Installing: /home/priyanshi/ros2_ws/install/cashier_system/include/cashier_system/cashier_system/msg/rosidl_typesupport_fastrtps_cpp__visibility_control.h
-- Installing: /home/priyanshi/ros2_ws/install/cashier_system/lib/libcashier_system__rosidl_typesupport_fastrtps_cpp.so
-- Set runtime path of "/home/priyanshi/ros2_ws/install/cashier_system/lib/libcashier_system__rosidl_typesupport_fastrtps_cpp.so" to ""
-- Up-to-date: /home/priyanshi/ros2_ws/install/cashier_system/include/cashier_system/cashier_system
-- Up-to-date: /home/priyanshi/ros2_ws/install/cashier_system/include/cashier_system/cashier_system/msg
-- Up-to-date: /home/priyanshi/ros2_ws/install/cashier_system/include/cashier_system/cashier_system/msg/detail
-- Installing: /home/priyanshi/ros2_ws/install/cashier_system/include/cashier_system/cashier_system/msg/detail/bill__rosidl_typesupport_introspection_c.h
-- Installing: /home/priyanshi/ros2_ws/install/cashier_system/include/cashier_system/cashier_system/msg/detail/bill__type_support.c
-- Installing: /home/priyanshi/ros2_ws/install/cashier_system/include/cashier_system/cashier_system/msg/rosidl_typesupport_introspection_c__visibility_control.h
-- Installing: /home/priyanshi/ros2_ws/install/cashier_system/lib/libcashier_system__rosidl_typesupport_introspection_c.so
-- Set runtime path of "/home/priyanshi/ros2_ws/install/cashier_system/lib/libcashier_system__rosidl_typesupport_introspection_c.so" to ""
-- Installing: /home/priyanshi/ros2_ws/install/cashier_system/lib/libcashier_system__rosidl_typesupport_c.so
-- Set runtime path of "/home/priyanshi/ros2_ws/install/cashier_system/lib/libcashier_system__rosidl_typesupport_c.so" to ""
-- Up-to-date: /home/priyanshi/ros2_ws/install/cashier_system/include/cashier_system/cashier_system
-- Up-to-date: /home/priyanshi/ros2_ws/install/cashier_system/include/cashier_system/cashier_system/msg
-- Up-to-date: /home/priyanshi/ros2_ws/install/cashier_system/include/cashier_system/cashier_system/msg/detail
-- Installing: /home/priyanshi/ros2_ws/install/cashier_system/include/cashier_system/cashier_system/msg/detail/bill__type_support.cpp
-- Installing: /home/priyanshi/ros2_ws/install/cashier_system/include/cashier_system/cashier_system/msg/detail/bill__rosidl_typesupport_introspection_cpp.hpp
-- Installing: /home/priyanshi/ros2_ws/install/cashier_system/lib/libcashier_system__rosidl_typesupport_introspection_cpp.so
-- Set runtime path of "/home/priyanshi/ros2_ws/install/cashier_system/lib/libcashier_system__rosidl_typesupport_introspection_cpp.so" to ""
-- Installing: /home/priyanshi/ros2_ws/install/cashier_system/lib/libcashier_system__rosidl_typesupport_cpp.so
-- Set runtime path of "/home/priyanshi/ros2_ws/install/cashier_system/lib/libcashier_system__rosidl_typesupport_cpp.so" to ""
-- Installing: /home/priyanshi/ros2_ws/install/cashier_system/share/cashier_system/environment/pythonpath.sh
-- Installing: /home/priyanshi/ros2_ws/install/cashier_system/share/cashier_system/environment/pythonpath.dsv
-- Installing: /home/priyanshi/ros2_ws/install/cashier_system/local/lib/python3.10/dist-packages/cashier_system-0.0.0-py3.10.egg-info
-- Installing: /home/priyanshi/ros2_ws/install/cashier_system/local/lib/python3.10/dist-packages/cashier_system-0.0.0-py3.10.egg-info/top_level.txt
-- Installing: /home/priyanshi/ros2_ws/install/cashier_system/local/lib/python3.10/dist-packages/cashier_system-0.0.0-py3.10.egg-info/PKG-INFO
-- Installing: /home/priyanshi/ros2_ws/install/cashier_system/local/lib/python3.10/dist-packages/cashier_system-0.0.0-py3.10.egg-info/SOURCES.txt
-- Installing: /home/priyanshi/ros2_ws/install/cashier_system/local/lib/python3.10/dist-packages/cashier_system-0.0.0-py3.10.egg-info/dependency_links.txt
-- Installing: /home/priyanshi/ros2_ws/install/cashier_system/local/lib/python3.10/dist-packages/cashier_system
-- Installing: /home/priyanshi/ros2_ws/install/cashier_system/local/lib/python3.10/dist-packages/cashier_system/msg
-- Installing: /home/priyanshi/ros2_ws/install/cashier_system/local/lib/python3.10/dist-packages/cashier_system/msg/_bill.py
-- Installing: /home/priyanshi/ros2_ws/install/cashier_system/local/lib/python3.10/dist-packages/cashier_system/msg/__init__.py
-- Installing: /home/priyanshi/ros2_ws/install/cashier_system/local/lib/python3.10/dist-packages/cashier_system/msg/_bill_s.c
-- Installing: /home/priyanshi/ros2_ws/install/cashier_system/local/lib/python3.10/dist-packages/cashier_system/_cashier_system_s.ep.rosidl_typesupport_c.c
-- Installing: /home/priyanshi/ros2_ws/install/cashier_system/local/lib/python3.10/dist-packages/cashier_system/libcashier_system__rosidl_generator_py.so
-- Installing: /home/priyanshi/ros2_ws/install/cashier_system/local/lib/python3.10/dist-packages/cashier_system/_cashier_system_s.ep.rosidl_typesupport_fastrtps_c.c
-- Installing: /home/priyanshi/ros2_ws/install/cashier_system/local/lib/python3.10/dist-packages/cashier_system/cashier_system_s__rosidl_typesupport_fastrtps_c.cpython-310-x86_64-linux-gnu.so
-- Installing: /home/priyanshi/ros2_ws/install/cashier_system/local/lib/python3.10/dist-packages/cashier_system/__init__.py
-- Installing: /home/priyanshi/ros2_ws/install/cashier_system/local/lib/python3.10/dist-packages/cashier_system/cashier_system_s__rosidl_typesupport_c.cpython-310-x86_64-linux-gnu.so
-- Installing: /home/priyanshi/ros2_ws/install/cashier_system/local/lib/python3.10/dist-packages/cashier_system/cashier_system_s__rosidl_typesupport_introspection_c.cpython-310-x86_64-linux-gnu.so
-- Installing: /home/priyanshi/ros2_ws/install/cashier_system/local/lib/python3.10/dist-packages/cashier_system/_cashier_system_s.ep.rosidl_typesupport_introspection_c.c
Listing '/home/priyanshi/ros2_ws/install/cashier_system/local/lib/python3.10/dist-packages/cashier_system'...
Compiling '/home/priyanshi/ros2_ws/install/cashier_system/local/lib/python3.10/dist-packages/cashier_system/__init__.py'...
Listing '/home/priyanshi/ros2_ws/install/cashier_system/local/lib/python3.10/dist-packages/cashier_system/msg'...
Compiling '/home/priyanshi/ros2_ws/install/cashier_system/local/lib/python3.10/dist-packages/cashier_system/msg/__init__.py'...
Compiling '/home/priyanshi/ros2_ws/install/cashier_system/local/lib/python3.10/dist-packages/cashier_system/msg/_bill.py'...
-- Installing: /home/priyanshi/ros2_ws/install/cashier_system/local/lib/python3.10/dist-packages/cashier_system/cashier_system_s__rosidl_typesupport_fastrtps_c.cpython-310-x86_64-linux-gnu.so
-- Set runtime path of "/home/priyanshi/ros2_ws/install/cashier_system/local/lib/python3.10/dist-packages/cashier_system/cashier_system_s__rosidl_typesupport_fastrtps_c.cpython-310-x86_64-linux-gnu.so" to ""
-- Installing: /home/priyanshi/ros2_ws/install/cashier_system/local/lib/python3.10/dist-packages/cashier_system/cashier_system_s__rosidl_typesupport_introspection_c.cpython-310-x86_64-linux-gnu.so
-- Set runtime path of "/home/priyanshi/ros2_ws/install/cashier_system/local/lib/python3.10/dist-packages/cashier_system/cashier_system_s__rosidl_typesupport_introspection_c.cpython-310-x86_64-linux-gnu.so" to ""
-- Installing: /home/priyanshi/ros2_ws/install/cashier_system/local/lib/python3.10/dist-packages/cashier_system/cashier_system_s__rosidl_typesupport_c.cpython-310-x86_64-linux-gnu.so
-- Set runtime path of "/home/priyanshi/ros2_ws/install/cashier_system/local/lib/python3.10/dist-packages/cashier_system/cashier_system_s__rosidl_typesupport_c.cpython-310-x86_64-linux-gnu.so" to ""
-- Installing: /home/priyanshi/ros2_ws/install/cashier_system/lib/libcashier_system__rosidl_generator_py.so
-- Set runtime path of "/home/priyanshi/ros2_ws/install/cashier_system/lib/libcashier_system__rosidl_generator_py.so" to ""
-- Installing: /home/priyanshi/ros2_ws/install/cashier_system/share/ament_index/resource_index/rust_packages/cashier_system
-- Installing: /home/priyanshi/ros2_ws/install/cashier_system/share/cashier_system/rust
-- Installing: /home/priyanshi/ros2_ws/install/cashier_system/share/cashier_system/rust/src
-- Installing: /home/priyanshi/ros2_ws/install/cashier_system/share/cashier_system/rust/src/msg
-- Installing: /home/priyanshi/ros2_ws/install/cashier_system/share/cashier_system/rust/src/msg/rmw.rs
-- Installing: /home/priyanshi/ros2_ws/install/cashier_system/share/cashier_system/rust/src/msg.rs
-- Installing: /home/priyanshi/ros2_ws/install/cashier_system/share/cashier_system/rust/src/lib.rs
-- Installing: /home/priyanshi/ros2_ws/install/cashier_system/share/cashier_system/rust/build.rs
-- Installing: /home/priyanshi/ros2_ws/install/cashier_system/share/cashier_system/rust/Cargo.toml
-- Installing: /home/priyanshi/ros2_ws/install/cashier_system/share/cashier_system/msg/Bill.idl
-- Installing: /home/priyanshi/ros2_ws/install/cashier_system/share/cashier_system/msg/Bill.msg
-- Installing: /home/priyanshi/ros2_ws/install/cashier_system/lib/cashier_system/billing_node
-- Set runtime path of "/home/priyanshi/ros2_ws/install/cashier_system/lib/cashier_system/billing_node" to ""
-- Installing: /home/priyanshi/ros2_ws/install/cashier_system/lib/cashier_system/inventory_node
-- Set runtime path of "/home/priyanshi/ros2_ws/install/cashier_system/lib/cashier_system/inventory_node" to ""
-- Installing: /home/priyanshi/ros2_ws/install/cashier_system/lib/cashier_system/display_node
-- Set runtime path of "/home/priyanshi/ros2_ws/install/cashier_system/lib/cashier_system/display_node" to ""
-- Installing: /home/priyanshi/ros2_ws/install/cashier_system/share/ament_index/resource_index/package_run_dependencies/cashier_system
-- Installing: /home/priyanshi/ros2_ws/install/cashier_system/share/ament_index/resource_index/parent_prefix_path/cashier_system
-- Installing: /home/priyanshi/ros2_ws/install/cashier_system/share/cashier_system/environment/ament_prefix_path.sh
-- Installing: /home/priyanshi/ros2_ws/install/cashier_system/share/cashier_system/environment/ament_prefix_path.dsv
-- Installing: /home/priyanshi/ros2_ws/install/cashier_system/share/cashier_system/environment/path.sh
-- Installing: /home/priyanshi/ros2_ws/install/cashier_system/share/cashier_system/environment/path.dsv
-- Installing: /home/priyanshi/ros2_ws/install/cashier_system/share/cashier_system/local_setup.bash
-- Installing: /home/priyanshi/ros2_ws/install/cashier_system/share/cashier_system/local_setup.sh
-- Installing: /home/priyanshi/ros2_ws/install/cashier_system/share/cashier_system/local_setup.zsh
-- Installing: /home/priyanshi/ros2_ws/install/cashier_system/share/cashier_system/local_setup.dsv
-- Installing: /home/priyanshi/ros2_ws/install/cashier_system/share/cashier_system/package.dsv
-- Installing: /home/priyanshi/ros2_ws/install/cashier_system/share/ament_index/resource_index/packages/cashier_system
-- Installing: /home/priyanshi/ros2_ws/install/cashier_system/share/cashier_system/cmake/export_cashier_system__rosidl_generator_cExport.cmake
-- Installing: /home/priyanshi/ros2_ws/install/cashier_system/share/cashier_system/cmake/export_cashier_system__rosidl_generator_cExport-noconfig.cmake
-- Installing: /home/priyanshi/ros2_ws/install/cashier_system/share/cashier_system/cmake/export_cashier_system__rosidl_typesupport_fastrtps_cExport.cmake
-- Installing: /home/priyanshi/ros2_ws/install/cashier_system/share/cashier_system/cmake/export_cashier_system__rosidl_typesupport_fastrtps_cExport-noconfig.cmake
-- Installing: /home/priyanshi/ros2_ws/install/cashier_system/share/cashier_system/cmake/export_cashier_system__rosidl_generator_cppExport.cmake
-- Installing: /home/priyanshi/ros2_ws/install/cashier_system/share/cashier_system/cmake/export_cashier_system__rosidl_typesupport_fastrtps_cppExport.cmake
-- Installing: /home/priyanshi/ros2_ws/install/cashier_system/share/cashier_system/cmake/export_cashier_system__rosidl_typesupport_fastrtps_cppExport-noconfig.cmake
-- Installing: /home/priyanshi/ros2_ws/install/cashier_system/share/cashier_system/cmake/cashier_system__rosidl_typesupport_introspection_cExport.cmake
-- Installing: /home/priyanshi/ros2_ws/install/cashier_system/share/cashier_system/cmake/cashier_system__rosidl_typesupport_introspection_cExport-noconfig.cmake
-- Installing: /home/priyanshi/ros2_ws/install/cashier_system/share/cashier_system/cmake/cashier_system__rosidl_typesupport_cExport.cmake
-- Installing: /home/priyanshi/ros2_ws/install/cashier_system/share/cashier_system/cmake/cashier_system__rosidl_typesupport_cExport-noconfig.cmake
-- Installing: /home/priyanshi/ros2_ws/install/cashier_system/share/cashier_system/cmake/cashier_system__rosidl_typesupport_introspection_cppExport.cmake
-- Installing: /home/priyanshi/ros2_ws/install/cashier_system/share/cashier_system/cmake/cashier_system__rosidl_typesupport_introspection_cppExport-noconfig.cmake
-- Installing: /home/priyanshi/ros2_ws/install/cashier_system/share/cashier_system/cmake/cashier_system__rosidl_typesupport_cppExport.cmake
-- Installing: /home/priyanshi/ros2_ws/install/cashier_system/share/cashier_system/cmake/cashier_system__rosidl_typesupport_cppExport-noconfig.cmake
-- Installing: /home/priyanshi/ros2_ws/install/cashier_system/share/cashier_system/cmake/export_cashier_system__rosidl_generator_pyExport.cmake
-- Installing: /home/priyanshi/ros2_ws/install/cashier_system/share/cashier_system/cmake/export_cashier_system__rosidl_generator_pyExport-noconfig.cmake
-- Installing: /home/priyanshi/ros2_ws/install/cashier_system/share/cashier_system/cmake/rosidl_cmake-extras.cmake
-- Installing: /home/priyanshi/ros2_ws/install/cashier_system/share/cashier_system/cmake/ament_cmake_export_include_directories-extras.cmake
-- Installing: /home/priyanshi/ros2_ws/install/cashier_system/share/cashier_system/cmake/ament_cmake_export_libraries-extras.cmake
-- Installing: /home/priyanshi/ros2_ws/install/cashier_system/share/cashier_system/cmake/ament_cmake_export_targets-extras.cmake
-- Installing: /home/priyanshi/ros2_ws/install/cashier_system/share/cashier_system/cmake/rosidl_cmake_export_typesupport_targets-extras.cmake
-- Installing: /home/priyanshi/ros2_ws/install/cashier_system/share/cashier_system/cmake/ament_cmake_export_dependencies-extras.cmake
-- Installing: /home/priyanshi/ros2_ws/install/cashier_system/share/cashier_system/cmake/rosidl_cmake_export_typesupport_libraries-extras.cmake
-- Installing: /home/priyanshi/ros2_ws/install/cashier_system/share/cashier_system/cmake/cashier_systemConfig.cmake
-- Installing: /home/priyanshi/ros2_ws/install/cashier_system/share/cashier_system/cmake/cashier_systemConfig-version.cmake
-- Installing: /home/priyanshi/ros2_ws/install/cashier_system/share/cashier_system/package.xml
