[0.006s] Invoking command in '/home/priyanshi/ros2_ws/build/cashier_system': CMAKE_PREFIX_PATH=${CMAKE_PREFIX_PATH}:/opt/ros/humble /usr/bin/cmake /home/priyanshi/ros2_ws/src/cashier_system -DCMAKE_INSTALL_PREFIX=/home/priyanshi/ros2_ws/install/cashier_system
[0.063s] -- The C compiler identification is GNU 11.4.0
[0.108s] -- The CXX compiler identification is GNU 11.4.0
[0.117s] -- Detecting C compiler ABI info
[0.201s] -- Detecting C compiler ABI info - done
[0.209s] -- Check for working C compiler: /usr/bin/cc - skipped
[0.209s] -- Detecting C compile features
[0.209s] -- Detecting C compile features - done
[0.211s] -- Detecting CXX compiler ABI info
[0.293s] -- Detecting CXX compiler ABI info - done
[0.298s] -- Check for working CXX compiler: /usr/bin/c++ - skipped
[0.299s] -- Detecting CXX compile features
[0.299s] -- Detecting CXX compile features - done
[0.300s] -- Found ament_cmake: 1.3.14 (/opt/ros/humble/share/ament_cmake/cmake)
[0.427s] -- Found Python3: /usr/bin/python3 (found version "3.10.12") found components: Interpreter 
[0.494s] -- Found rclcpp: 16.0.18 (/opt/ros/humble/share/rclcpp/cmake)
[0.517s] -- Found rosidl_generator_c: 3.1.8 (/opt/ros/humble/share/rosidl_generator_c/cmake)
[0.519s] -- Found rosidl_adapter: 3.1.8 (/opt/ros/humble/share/rosidl_adapter/cmake)
[0.524s] -- Found rosidl_generator_cpp: 3.1.8 (/opt/ros/humble/share/rosidl_generator_cpp/cmake)
[0.531s] -- Using all available rosidl_typesupport_c: rosidl_typesupport_fastrtps_c;rosidl_typesupport_introspection_c
[0.540s] -- Using all available rosidl_typesupport_cpp: rosidl_typesupport_fastrtps_cpp;rosidl_typesupport_introspection_cpp
[0.565s] -- Found rmw_implementation_cmake: 6.1.2 (/opt/ros/humble/share/rmw_implementation_cmake/cmake)
[0.566s] -- Found rmw_fastrtps_cpp: 6.2.10 (/opt/ros/humble/share/rmw_fastrtps_cpp/cmake)
[0.639s] -- Found OpenSSL: /usr/lib/x86_64-linux-gnu/libcrypto.so (found version "3.0.2")  
[0.663s] -- Found FastRTPS: /opt/ros/humble/include  
[0.696s] -- Using RMW implementation 'rmw_fastrtps_cpp' as default
[0.701s] -- Looking for pthread.h
[0.779s] -- Looking for pthread.h - found
[0.779s] -- Performing Test CMAKE_HAVE_LIBC_PTHREAD
[0.865s] -- Performing Test CMAKE_HAVE_LIBC_PTHREAD - Success
[0.867s] -- Found Threads: TRUE  
[0.898s] -- Found rosidl_default_generators: 1.2.1 (/opt/ros/humble/share/rosidl_default_generators/cmake)
[0.905s] -- Found ament_lint_auto: 0.12.15 (/opt/ros/humble/share/ament_lint_auto/cmake)
[1.090s] -- Found ament_cmake_ros: 0.10.0 (/opt/ros/humble/share/ament_cmake_ros/cmake)
[1.360s] -- Using all available rosidl_typesupport_c: rosidl_typesupport_fastrtps_c;rosidl_typesupport_introspection_c
[1.450s] -- Using all available rosidl_typesupport_cpp: rosidl_typesupport_fastrtps_cpp;rosidl_typesupport_introspection_cpp
[1.466s] -- Found PythonInterp: /usr/bin/python3 (found suitable version "3.10.12", minimum required is "3.6") 
[1.467s] -- Found python_cmake_module: 0.10.0 (/opt/ros/humble/share/python_cmake_module/cmake)
[1.484s] -- Found PythonLibs: /usr/lib/x86_64-linux-gnu/libpython3.10.so (found suitable version "3.10.12", minimum required is "3.5") 
[1.484s] -- Using PYTHON_EXECUTABLE: /usr/bin/python3
[1.484s] -- Using PYTHON_INCLUDE_DIRS: /usr/include/python3.10
[1.484s] -- Using PYTHON_LIBRARIES: /usr/lib/x86_64-linux-gnu/libpython3.10.so
[1.498s] -- Found PythonExtra: .so  
[1.583s] [0mCMake Deprecation Warning at /opt/ros/humble/share/rosidl_cmake/cmake/rosidl_target_interfaces.cmake:32 (message):
[1.583s]   Use rosidl_get_typesupport_target() and target_link_libraries() instead of
[1.583s]   rosidl_target_interfaces()
[1.583s] Call Stack (most recent call first):
[1.583s]   CMakeLists.txt:37 (rosidl_target_interfaces)
[1.583s] 
[1.584s] [0m
[1.584s] [0mCMake Deprecation Warning at /opt/ros/humble/share/rosidl_cmake/cmake/rosidl_target_interfaces.cmake:32 (message):
[1.584s]   Use rosidl_get_typesupport_target() and target_link_libraries() instead of
[1.584s]   rosidl_target_interfaces()
[1.584s] Call Stack (most recent call first):
[1.584s]   CMakeLists.txt:38 (rosidl_target_interfaces)
[1.584s] 
[1.584s] [0m
[1.585s] -- Added test 'cppcheck' to perform static code analysis on C / C++ code
[1.585s] -- Configured cppcheck include dirs: 
[1.585s] -- Configured cppcheck exclude dirs and/or files: 
[1.586s] -- Added test 'lint_cmake' to check CMake code style
[1.586s] -- Added test 'uncrustify' to check C / C++ code style
[1.586s] -- Configured uncrustify additional arguments: 
[1.586s] -- Added test 'xmllint' to check XML markup files
[1.588s] -- Configuring done
[1.609s] -- Generating done
[1.618s] -- Build files have been written to: /home/priyanshi/ros2_ws/build/cashier_system
[1.624s] Invoked command in '/home/priyanshi/ros2_ws/build/cashier_system' returned '0': CMAKE_PREFIX_PATH=${CMAKE_PREFIX_PATH}:/opt/ros/humble /usr/bin/cmake /home/priyanshi/ros2_ws/src/cashier_system -DCMAKE_INSTALL_PREFIX=/home/priyanshi/ros2_ws/install/cashier_system
[1.626s] Invoking command in '/home/priyanshi/ros2_ws/build/cashier_system': CMAKE_PREFIX_PATH=${CMAKE_PREFIX_PATH}:/opt/ros/humble /usr/bin/cmake --build /home/priyanshi/ros2_ws/build/cashier_system -- -j16 -l16
[1.671s] [  2%] [34m[1mGenerating C code for ROS interfaces[0m
[1.675s] [  5%] [34m[1mGenerating C++ code for ROS interfaces[0m
[1.675s] [  7%] [32mBuilding CXX object CMakeFiles/display_node.dir/src/display_node.cpp.o[0m
[1.678s] [ 10%] [34m[1mGenerating Rust code for ROS interfaces[0m
[1.683s] [ 10%] Built target ament_cmake_python_copy_cashier_system
[1.833s] [ 10%] Built target cashier_system__rs
[1.837s] running egg_info
[1.837s] creating cashier_system.egg-info
[1.838s] [ 10%] Built target cashier_system__cpp
[1.838s] writing cashier_system.egg-info/PKG-INFO
[1.838s] writing dependency_links to cashier_system.egg-info/dependency_links.txt
[1.838s] writing top-level names to cashier_system.egg-info/top_level.txt
[1.838s] writing manifest file 'cashier_system.egg-info/SOURCES.txt'
[1.840s] reading manifest file 'cashier_system.egg-info/SOURCES.txt'
[1.840s] writing manifest file 'cashier_system.egg-info/SOURCES.txt'
[1.846s] [ 18%] [32mBuilding C object CMakeFiles/cashier_system__rosidl_generator_c.dir/rosidl_generator_c/cashier_system/msg/detail/bill__functions.c.o[0m
[1.846s] [ 18%] [34m[1mGenerating C++ introspection for ROS interfaces[0m
[1.846s] [ 18%] [34m[1mGenerating C++ type support for eProsima Fast-RTPS[0m
[1.846s] [ 21%] [34m[1mGenerating C++ type support dispatch for ROS interfaces[0m
[1.865s] [ 21%] Built target ament_cmake_python_build_cashier_system_egg
[1.885s] [ 23%] [32m[1mLinking C shared library libcashier_system__rosidl_generator_c.so[0m
[1.921s] [ 23%] Built target cashier_system__rosidl_generator_c
[1.929s] [ 26%] [34m[1mGenerating C type support dispatch for ROS interfaces[0m
[1.931s] [ 28%] [34m[1mGenerating C introspection for ROS interfaces[0m
[1.931s] [ 31%] [34m[1mGenerating C type support for eProsima Fast-RTPS[0m
[1.996s] [ 34%] [32mBuilding CXX object CMakeFiles/cashier_system__rosidl_typesupport_cpp.dir/rosidl_typesupport_cpp/cashier_system/msg/bill__type_support.cpp.o[0m
[2.002s] [ 36%] [32mBuilding CXX object CMakeFiles/cashier_system__rosidl_typesupport_introspection_cpp.dir/rosidl_typesupport_introspection_cpp/cashier_system/msg/detail/bill__type_support.cpp.o[0m
[2.011s] [ 39%] [32mBuilding CXX object CMakeFiles/cashier_system__rosidl_typesupport_fastrtps_cpp.dir/rosidl_typesupport_fastrtps_cpp/cashier_system/msg/detail/dds_fastrtps/bill__type_support.cpp.o[0m
[2.085s] [ 42%] [32mBuilding CXX object CMakeFiles/cashier_system__rosidl_typesupport_c.dir/rosidl_typesupport_c/cashier_system/msg/bill__type_support.cpp.o[0m
[2.106s] [ 44%] [32m[1mLinking CXX shared library libcashier_system__rosidl_typesupport_c.so[0m
[2.111s] [ 47%] [32mBuilding CXX object CMakeFiles/cashier_system__rosidl_typesupport_fastrtps_c.dir/rosidl_typesupport_fastrtps_c/cashier_system/msg/detail/bill__type_support_c.cpp.o[0m
[2.137s] [ 47%] Built target cashier_system__rosidl_typesupport_c
[2.167s] [ 50%] [32m[1mLinking CXX shared library libcashier_system__rosidl_typesupport_cpp.so[0m
[2.198s] [ 52%] [32mBuilding C object CMakeFiles/cashier_system__rosidl_typesupport_introspection_c.dir/rosidl_typesupport_introspection_c/cashier_system/msg/detail/bill__type_support.c.o[0m
[2.207s] [ 52%] Built target cashier_system__rosidl_typesupport_cpp
[2.228s] [ 55%] [32m[1mLinking C shared library libcashier_system__rosidl_typesupport_introspection_c.so[0m
[2.247s] [ 57%] [32m[1mLinking CXX shared library libcashier_system__rosidl_typesupport_introspection_cpp.so[0m
[2.251s] [ 57%] Built target cashier_system__rosidl_typesupport_introspection_c
[2.269s] [ 60%] [32m[1mLinking CXX shared library libcashier_system__rosidl_typesupport_fastrtps_cpp.so[0m
[2.296s] [ 60%] Built target cashier_system__rosidl_typesupport_introspection_cpp
[2.322s] [ 63%] [32m[1mLinking CXX shared library libcashier_system__rosidl_typesupport_fastrtps_c.so[0m
[2.328s] [ 63%] Built target cashier_system__rosidl_typesupport_fastrtps_cpp
[2.374s] [ 63%] Built target cashier_system__rosidl_typesupport_fastrtps_c
[2.391s] [ 63%] Built target cashier_system
[2.404s] [ 65%] [32mBuilding CXX object CMakeFiles/inventory_node.dir/src/inventory_node.cpp.o[0m
[2.407s] [ 68%] [32mBuilding CXX object CMakeFiles/billing_node.dir/src/billing_node.cpp.o[0m
[2.407s] [ 71%] [34m[1mGenerating Python code for ROS interfaces[0m
[2.592s] [ 71%] Built target cashier_system__py
[2.611s] [ 73%] [32mBuilding C object CMakeFiles/cashier_system__rosidl_generator_py.dir/rosidl_generator_py/cashier_system/msg/_bill_s.c.o[0m
[2.685s] [ 76%] [32m[1mLinking C shared library rosidl_generator_py/cashier_system/libcashier_system__rosidl_generator_py.so[0m
[2.722s] [ 76%] Built target cashier_system__rosidl_generator_py
[2.739s] [ 81%] [32mBuilding C object CMakeFiles/cashier_system__rosidl_typesupport_introspection_c__pyext.dir/rosidl_generator_py/cashier_system/_cashier_system_s.ep.rosidl_typesupport_introspection_c.c.o[0m
[2.739s] [ 81%] [32mBuilding C object CMakeFiles/cashier_system__rosidl_typesupport_fastrtps_c__pyext.dir/rosidl_generator_py/cashier_system/_cashier_system_s.ep.rosidl_typesupport_fastrtps_c.c.o[0m
[2.742s] [ 84%] [32mBuilding C object CMakeFiles/cashier_system__rosidl_typesupport_c__pyext.dir/rosidl_generator_py/cashier_system/_cashier_system_s.ep.rosidl_typesupport_c.c.o[0m
[2.804s] [ 86%] [32m[1mLinking C shared library rosidl_generator_py/cashier_system/cashier_system_s__rosidl_typesupport_introspection_c.cpython-310-x86_64-linux-gnu.so[0m
[2.808s] [ 89%] [32m[1mLinking C shared library rosidl_generator_py/cashier_system/cashier_system_s__rosidl_typesupport_fastrtps_c.cpython-310-x86_64-linux-gnu.so[0m
[2.811s] [ 92%] [32m[1mLinking C shared library rosidl_generator_py/cashier_system/cashier_system_s__rosidl_typesupport_c.cpython-310-x86_64-linux-gnu.so[0m
[2.834s] [ 92%] Built target cashier_system__rosidl_typesupport_introspection_c__pyext
[2.835s] [ 92%] Built target cashier_system__rosidl_typesupport_fastrtps_c__pyext
[2.840s] [ 92%] Built target cashier_system__rosidl_typesupport_c__pyext
[5.145s] [ 94%] [32m[1mLinking CXX executable billing_node[0m
[5.270s] [ 94%] Built target billing_node
[6.887s] [ 97%] [32m[1mLinking CXX executable display_node[0m
[7.124s] [ 97%] Built target display_node
[7.839s] [100%] [32m[1mLinking CXX executable inventory_node[0m
[8.090s] [100%] Built target inventory_node
[8.098s] Invoked command in '/home/priyanshi/ros2_ws/build/cashier_system' returned '0': CMAKE_PREFIX_PATH=${CMAKE_PREFIX_PATH}:/opt/ros/humble /usr/bin/cmake --build /home/priyanshi/ros2_ws/build/cashier_system -- -j16 -l16
[8.109s] Invoking command in '/home/priyanshi/ros2_ws/build/cashier_system': CMAKE_PREFIX_PATH=${CMAKE_PREFIX_PATH}:/opt/ros/humble /usr/bin/cmake --install /home/priyanshi/ros2_ws/build/cashier_system
[8.121s] -- Install configuration: ""
[8.121s] -- Installing: /home/priyanshi/ros2_ws/install/cashier_system/share/ament_index/resource_index/rosidl_interfaces/cashier_system
[8.121s] -- Installing: /home/priyanshi/ros2_ws/install/cashier_system/include/cashier_system/cashier_system
[8.121s] -- Installing: /home/priyanshi/ros2_ws/install/cashier_system/include/cashier_system/cashier_system/msg
[8.122s] -- Installing: /home/priyanshi/ros2_ws/install/cashier_system/include/cashier_system/cashier_system/msg/detail
[8.122s] -- Installing: /home/priyanshi/ros2_ws/install/cashier_system/include/cashier_system/cashier_system/msg/detail/bill__functions.c
[8.122s] -- Installing: /home/priyanshi/ros2_ws/install/cashier_system/include/cashier_system/cashier_system/msg/detail/bill__functions.h
[8.122s] -- Installing: /home/priyanshi/ros2_ws/install/cashier_system/include/cashier_system/cashier_system/msg/detail/bill__type_support.h
[8.122s] -- Installing: /home/priyanshi/ros2_ws/install/cashier_system/include/cashier_system/cashier_system/msg/detail/bill__struct.h
[8.122s] -- Installing: /home/priyanshi/ros2_ws/install/cashier_system/include/cashier_system/cashier_system/msg/rosidl_generator_c__visibility_control.h
[8.122s] -- Installing: /home/priyanshi/ros2_ws/install/cashier_system/include/cashier_system/cashier_system/msg/bill.h
[8.122s] -- Installing: /home/priyanshi/ros2_ws/install/cashier_system/share/cashier_system/environment/library_path.sh
[8.122s] -- Installing: /home/priyanshi/ros2_ws/install/cashier_system/share/cashier_system/environment/library_path.dsv
[8.122s] -- Installing: /home/priyanshi/ros2_ws/install/cashier_system/lib/libcashier_system__rosidl_generator_c.so
[8.122s] -- Set runtime path of "/home/priyanshi/ros2_ws/install/cashier_system/lib/libcashier_system__rosidl_generator_c.so" to ""
[8.123s] -- Up-to-date: /home/priyanshi/ros2_ws/install/cashier_system/include/cashier_system/cashier_system
[8.123s] -- Up-to-date: /home/priyanshi/ros2_ws/install/cashier_system/include/cashier_system/cashier_system/msg
[8.123s] -- Up-to-date: /home/priyanshi/ros2_ws/install/cashier_system/include/cashier_system/cashier_system/msg/detail
[8.123s] -- Installing: /home/priyanshi/ros2_ws/install/cashier_system/include/cashier_system/cashier_system/msg/detail/bill__rosidl_typesupport_fastrtps_c.h
[8.123s] -- Installing: /home/priyanshi/ros2_ws/install/cashier_system/include/cashier_system/cashier_system/msg/rosidl_typesupport_fastrtps_c__visibility_control.h
[8.123s] -- Installing: /home/priyanshi/ros2_ws/install/cashier_system/lib/libcashier_system__rosidl_typesupport_fastrtps_c.so
[8.123s] -- Set runtime path of "/home/priyanshi/ros2_ws/install/cashier_system/lib/libcashier_system__rosidl_typesupport_fastrtps_c.so" to ""
[8.123s] -- Up-to-date: /home/priyanshi/ros2_ws/install/cashier_system/include/cashier_system/cashier_system
[8.123s] -- Up-to-date: /home/priyanshi/ros2_ws/install/cashier_system/include/cashier_system/cashier_system/msg
[8.123s] -- Up-to-date: /home/priyanshi/ros2_ws/install/cashier_system/include/cashier_system/cashier_system/msg/detail
[8.123s] -- Installing: /home/priyanshi/ros2_ws/install/cashier_system/include/cashier_system/cashier_system/msg/detail/bill__builder.hpp
[8.123s] -- Installing: /home/priyanshi/ros2_ws/install/cashier_system/include/cashier_system/cashier_system/msg/detail/bill__traits.hpp
[8.123s] -- Installing: /home/priyanshi/ros2_ws/install/cashier_system/include/cashier_system/cashier_system/msg/detail/bill__type_support.hpp
[8.123s] -- Installing: /home/priyanshi/ros2_ws/install/cashier_system/include/cashier_system/cashier_system/msg/detail/bill__struct.hpp
[8.123s] -- Installing: /home/priyanshi/ros2_ws/install/cashier_system/include/cashier_system/cashier_system/msg/rosidl_generator_cpp__visibility_control.hpp
[8.124s] -- Installing: /home/priyanshi/ros2_ws/install/cashier_system/include/cashier_system/cashier_system/msg/bill.hpp
[8.124s] -- Up-to-date: /home/priyanshi/ros2_ws/install/cashier_system/include/cashier_system/cashier_system
[8.124s] -- Up-to-date: /home/priyanshi/ros2_ws/install/cashier_system/include/cashier_system/cashier_system/msg
[8.124s] -- Up-to-date: /home/priyanshi/ros2_ws/install/cashier_system/include/cashier_system/cashier_system/msg/detail
[8.124s] -- Installing: /home/priyanshi/ros2_ws/install/cashier_system/include/cashier_system/cashier_system/msg/detail/bill__rosidl_typesupport_fastrtps_cpp.hpp
[8.124s] -- Installing: /home/priyanshi/ros2_ws/install/cashier_system/include/cashier_system/cashier_system/msg/detail/dds_fastrtps
[8.124s] -- Installing: /home/priyanshi/ros2_ws/install/cashier_system/include/cashier_system/cashier_system/msg/rosidl_typesupport_fastrtps_cpp__visibility_control.h
[8.124s] -- Installing: /home/priyanshi/ros2_ws/install/cashier_system/lib/libcashier_system__rosidl_typesupport_fastrtps_cpp.so
[8.124s] -- Set runtime path of "/home/priyanshi/ros2_ws/install/cashier_system/lib/libcashier_system__rosidl_typesupport_fastrtps_cpp.so" to ""
[8.124s] -- Up-to-date: /home/priyanshi/ros2_ws/install/cashier_system/include/cashier_system/cashier_system
[8.124s] -- Up-to-date: /home/priyanshi/ros2_ws/install/cashier_system/include/cashier_system/cashier_system/msg
[8.124s] -- Up-to-date: /home/priyanshi/ros2_ws/install/cashier_system/include/cashier_system/cashier_system/msg/detail
[8.124s] -- Installing: /home/priyanshi/ros2_ws/install/cashier_system/include/cashier_system/cashier_system/msg/detail/bill__rosidl_typesupport_introspection_c.h
[8.124s] -- Installing: /home/priyanshi/ros2_ws/install/cashier_system/include/cashier_system/cashier_system/msg/detail/bill__type_support.c
[8.125s] -- Installing: /home/priyanshi/ros2_ws/install/cashier_system/include/cashier_system/cashier_system/msg/rosidl_typesupport_introspection_c__visibility_control.h
[8.125s] -- Installing: /home/priyanshi/ros2_ws/install/cashier_system/lib/libcashier_system__rosidl_typesupport_introspection_c.so
[8.125s] -- Set runtime path of "/home/priyanshi/ros2_ws/install/cashier_system/lib/libcashier_system__rosidl_typesupport_introspection_c.so" to ""
[8.125s] -- Installing: /home/priyanshi/ros2_ws/install/cashier_system/lib/libcashier_system__rosidl_typesupport_c.so
[8.125s] -- Set runtime path of "/home/priyanshi/ros2_ws/install/cashier_system/lib/libcashier_system__rosidl_typesupport_c.so" to ""
[8.125s] -- Up-to-date: /home/priyanshi/ros2_ws/install/cashier_system/include/cashier_system/cashier_system
[8.125s] -- Up-to-date: /home/priyanshi/ros2_ws/install/cashier_system/include/cashier_system/cashier_system/msg
[8.125s] -- Up-to-date: /home/priyanshi/ros2_ws/install/cashier_system/include/cashier_system/cashier_system/msg/detail
[8.125s] -- Installing: /home/priyanshi/ros2_ws/install/cashier_system/include/cashier_system/cashier_system/msg/detail/bill__type_support.cpp
[8.125s] -- Installing: /home/priyanshi/ros2_ws/install/cashier_system/include/cashier_system/cashier_system/msg/detail/bill__rosidl_typesupport_introspection_cpp.hpp
[8.125s] -- Installing: /home/priyanshi/ros2_ws/install/cashier_system/lib/libcashier_system__rosidl_typesupport_introspection_cpp.so
[8.125s] -- Set runtime path of "/home/priyanshi/ros2_ws/install/cashier_system/lib/libcashier_system__rosidl_typesupport_introspection_cpp.so" to ""
[8.125s] -- Installing: /home/priyanshi/ros2_ws/install/cashier_system/lib/libcashier_system__rosidl_typesupport_cpp.so
[8.125s] -- Set runtime path of "/home/priyanshi/ros2_ws/install/cashier_system/lib/libcashier_system__rosidl_typesupport_cpp.so" to ""
[8.125s] -- Installing: /home/priyanshi/ros2_ws/install/cashier_system/share/cashier_system/environment/pythonpath.sh
[8.125s] -- Installing: /home/priyanshi/ros2_ws/install/cashier_system/share/cashier_system/environment/pythonpath.dsv
[8.126s] -- Installing: /home/priyanshi/ros2_ws/install/cashier_system/local/lib/python3.10/dist-packages/cashier_system-0.0.0-py3.10.egg-info
[8.126s] -- Installing: /home/priyanshi/ros2_ws/install/cashier_system/local/lib/python3.10/dist-packages/cashier_system-0.0.0-py3.10.egg-info/top_level.txt
[8.126s] -- Installing: /home/priyanshi/ros2_ws/install/cashier_system/local/lib/python3.10/dist-packages/cashier_system-0.0.0-py3.10.egg-info/PKG-INFO
[8.126s] -- Installing: /home/priyanshi/ros2_ws/install/cashier_system/local/lib/python3.10/dist-packages/cashier_system-0.0.0-py3.10.egg-info/SOURCES.txt
[8.126s] -- Installing: /home/priyanshi/ros2_ws/install/cashier_system/local/lib/python3.10/dist-packages/cashier_system-0.0.0-py3.10.egg-info/dependency_links.txt
[8.126s] -- Installing: /home/priyanshi/ros2_ws/install/cashier_system/local/lib/python3.10/dist-packages/cashier_system
[8.126s] -- Installing: /home/priyanshi/ros2_ws/install/cashier_system/local/lib/python3.10/dist-packages/cashier_system/msg
[8.126s] -- Installing: /home/priyanshi/ros2_ws/install/cashier_system/local/lib/python3.10/dist-packages/cashier_system/msg/_bill.py
[8.126s] -- Installing: /home/priyanshi/ros2_ws/install/cashier_system/local/lib/python3.10/dist-packages/cashier_system/msg/__init__.py
[8.126s] -- Installing: /home/priyanshi/ros2_ws/install/cashier_system/local/lib/python3.10/dist-packages/cashier_system/msg/_bill_s.c
[8.126s] -- Installing: /home/priyanshi/ros2_ws/install/cashier_system/local/lib/python3.10/dist-packages/cashier_system/_cashier_system_s.ep.rosidl_typesupport_c.c
[8.126s] -- Installing: /home/priyanshi/ros2_ws/install/cashier_system/local/lib/python3.10/dist-packages/cashier_system/libcashier_system__rosidl_generator_py.so
[8.126s] -- Installing: /home/priyanshi/ros2_ws/install/cashier_system/local/lib/python3.10/dist-packages/cashier_system/_cashier_system_s.ep.rosidl_typesupport_fastrtps_c.c
[8.126s] -- Installing: /home/priyanshi/ros2_ws/install/cashier_system/local/lib/python3.10/dist-packages/cashier_system/cashier_system_s__rosidl_typesupport_fastrtps_c.cpython-310-x86_64-linux-gnu.so
[8.126s] -- Installing: /home/priyanshi/ros2_ws/install/cashier_system/local/lib/python3.10/dist-packages/cashier_system/__init__.py
[8.126s] -- Installing: /home/priyanshi/ros2_ws/install/cashier_system/local/lib/python3.10/dist-packages/cashier_system/cashier_system_s__rosidl_typesupport_c.cpython-310-x86_64-linux-gnu.so
[8.127s] -- Installing: /home/priyanshi/ros2_ws/install/cashier_system/local/lib/python3.10/dist-packages/cashier_system/cashier_system_s__rosidl_typesupport_introspection_c.cpython-310-x86_64-linux-gnu.so
[8.127s] -- Installing: /home/priyanshi/ros2_ws/install/cashier_system/local/lib/python3.10/dist-packages/cashier_system/_cashier_system_s.ep.rosidl_typesupport_introspection_c.c
[8.153s] Listing '/home/priyanshi/ros2_ws/install/cashier_system/local/lib/python3.10/dist-packages/cashier_system'...
[8.153s] Compiling '/home/priyanshi/ros2_ws/install/cashier_system/local/lib/python3.10/dist-packages/cashier_system/__init__.py'...
[8.153s] Listing '/home/priyanshi/ros2_ws/install/cashier_system/local/lib/python3.10/dist-packages/cashier_system/msg'...
[8.153s] Compiling '/home/priyanshi/ros2_ws/install/cashier_system/local/lib/python3.10/dist-packages/cashier_system/msg/__init__.py'...
[8.153s] Compiling '/home/priyanshi/ros2_ws/install/cashier_system/local/lib/python3.10/dist-packages/cashier_system/msg/_bill.py'...
[8.156s] -- Installing: /home/priyanshi/ros2_ws/install/cashier_system/local/lib/python3.10/dist-packages/cashier_system/cashier_system_s__rosidl_typesupport_fastrtps_c.cpython-310-x86_64-linux-gnu.so
[8.156s] -- Set runtime path of "/home/priyanshi/ros2_ws/install/cashier_system/local/lib/python3.10/dist-packages/cashier_system/cashier_system_s__rosidl_typesupport_fastrtps_c.cpython-310-x86_64-linux-gnu.so" to ""
[8.156s] -- Installing: /home/priyanshi/ros2_ws/install/cashier_system/local/lib/python3.10/dist-packages/cashier_system/cashier_system_s__rosidl_typesupport_introspection_c.cpython-310-x86_64-linux-gnu.so
[8.156s] -- Set runtime path of "/home/priyanshi/ros2_ws/install/cashier_system/local/lib/python3.10/dist-packages/cashier_system/cashier_system_s__rosidl_typesupport_introspection_c.cpython-310-x86_64-linux-gnu.so" to ""
[8.156s] -- Installing: /home/priyanshi/ros2_ws/install/cashier_system/local/lib/python3.10/dist-packages/cashier_system/cashier_system_s__rosidl_typesupport_c.cpython-310-x86_64-linux-gnu.so
[8.156s] -- Set runtime path of "/home/priyanshi/ros2_ws/install/cashier_system/local/lib/python3.10/dist-packages/cashier_system/cashier_system_s__rosidl_typesupport_c.cpython-310-x86_64-linux-gnu.so" to ""
[8.157s] -- Installing: /home/priyanshi/ros2_ws/install/cashier_system/lib/libcashier_system__rosidl_generator_py.so
[8.157s] -- Set runtime path of "/home/priyanshi/ros2_ws/install/cashier_system/lib/libcashier_system__rosidl_generator_py.so" to ""
[8.157s] -- Installing: /home/priyanshi/ros2_ws/install/cashier_system/share/ament_index/resource_index/rust_packages/cashier_system
[8.157s] -- Installing: /home/priyanshi/ros2_ws/install/cashier_system/share/cashier_system/rust
[8.157s] -- Installing: /home/priyanshi/ros2_ws/install/cashier_system/share/cashier_system/rust/src
[8.157s] -- Installing: /home/priyanshi/ros2_ws/install/cashier_system/share/cashier_system/rust/src/msg
[8.157s] -- Installing: /home/priyanshi/ros2_ws/install/cashier_system/share/cashier_system/rust/src/msg/rmw.rs
[8.157s] -- Installing: /home/priyanshi/ros2_ws/install/cashier_system/share/cashier_system/rust/src/msg.rs
[8.157s] -- Installing: /home/priyanshi/ros2_ws/install/cashier_system/share/cashier_system/rust/src/lib.rs
[8.157s] -- Installing: /home/priyanshi/ros2_ws/install/cashier_system/share/cashier_system/rust/build.rs
[8.157s] -- Installing: /home/priyanshi/ros2_ws/install/cashier_system/share/cashier_system/rust/Cargo.toml
[8.157s] -- Installing: /home/priyanshi/ros2_ws/install/cashier_system/share/cashier_system/msg/Bill.idl
[8.157s] -- Installing: /home/priyanshi/ros2_ws/install/cashier_system/share/cashier_system/msg/Bill.msg
[8.157s] -- Installing: /home/priyanshi/ros2_ws/install/cashier_system/lib/cashier_system/billing_node
[8.158s] -- Set runtime path of "/home/priyanshi/ros2_ws/install/cashier_system/lib/cashier_system/billing_node" to ""
[8.158s] -- Installing: /home/priyanshi/ros2_ws/install/cashier_system/lib/cashier_system/inventory_node
[8.159s] -- Set runtime path of "/home/priyanshi/ros2_ws/install/cashier_system/lib/cashier_system/inventory_node" to ""
[8.159s] -- Installing: /home/priyanshi/ros2_ws/install/cashier_system/lib/cashier_system/display_node
[8.161s] -- Set runtime path of "/home/priyanshi/ros2_ws/install/cashier_system/lib/cashier_system/display_node" to ""
[8.161s] -- Installing: /home/priyanshi/ros2_ws/install/cashier_system/share/ament_index/resource_index/package_run_dependencies/cashier_system
[8.161s] -- Installing: /home/priyanshi/ros2_ws/install/cashier_system/share/ament_index/resource_index/parent_prefix_path/cashier_system
[8.161s] -- Installing: /home/priyanshi/ros2_ws/install/cashier_system/share/cashier_system/environment/ament_prefix_path.sh
[8.161s] -- Installing: /home/priyanshi/ros2_ws/install/cashier_system/share/cashier_system/environment/ament_prefix_path.dsv
[8.161s] -- Installing: /home/priyanshi/ros2_ws/install/cashier_system/share/cashier_system/environment/path.sh
[8.162s] -- Installing: /home/priyanshi/ros2_ws/install/cashier_system/share/cashier_system/environment/path.dsv
[8.162s] -- Installing: /home/priyanshi/ros2_ws/install/cashier_system/share/cashier_system/local_setup.bash
[8.162s] -- Installing: /home/priyanshi/ros2_ws/install/cashier_system/share/cashier_system/local_setup.sh
[8.162s] -- Installing: /home/priyanshi/ros2_ws/install/cashier_system/share/cashier_system/local_setup.zsh
[8.162s] -- Installing: /home/priyanshi/ros2_ws/install/cashier_system/share/cashier_system/local_setup.dsv
[8.162s] -- Installing: /home/priyanshi/ros2_ws/install/cashier_system/share/cashier_system/package.dsv
[8.162s] -- Installing: /home/priyanshi/ros2_ws/install/cashier_system/share/ament_index/resource_index/packages/cashier_system
[8.162s] -- Installing: /home/priyanshi/ros2_ws/install/cashier_system/share/cashier_system/cmake/export_cashier_system__rosidl_generator_cExport.cmake
[8.162s] -- Installing: /home/priyanshi/ros2_ws/install/cashier_system/share/cashier_system/cmake/export_cashier_system__rosidl_generator_cExport-noconfig.cmake
[8.162s] -- Installing: /home/priyanshi/ros2_ws/install/cashier_system/share/cashier_system/cmake/export_cashier_system__rosidl_typesupport_fastrtps_cExport.cmake
[8.162s] -- Installing: /home/priyanshi/ros2_ws/install/cashier_system/share/cashier_system/cmake/export_cashier_system__rosidl_typesupport_fastrtps_cExport-noconfig.cmake
[8.162s] -- Installing: /home/priyanshi/ros2_ws/install/cashier_system/share/cashier_system/cmake/export_cashier_system__rosidl_generator_cppExport.cmake
[8.162s] -- Installing: /home/priyanshi/ros2_ws/install/cashier_system/share/cashier_system/cmake/export_cashier_system__rosidl_typesupport_fastrtps_cppExport.cmake
[8.162s] -- Installing: /home/priyanshi/ros2_ws/install/cashier_system/share/cashier_system/cmake/export_cashier_system__rosidl_typesupport_fastrtps_cppExport-noconfig.cmake
[8.162s] -- Installing: /home/priyanshi/ros2_ws/install/cashier_system/share/cashier_system/cmake/cashier_system__rosidl_typesupport_introspection_cExport.cmake
[8.162s] -- Installing: /home/priyanshi/ros2_ws/install/cashier_system/share/cashier_system/cmake/cashier_system__rosidl_typesupport_introspection_cExport-noconfig.cmake
[8.162s] -- Installing: /home/priyanshi/ros2_ws/install/cashier_system/share/cashier_system/cmake/cashier_system__rosidl_typesupport_cExport.cmake
[8.162s] -- Installing: /home/priyanshi/ros2_ws/install/cashier_system/share/cashier_system/cmake/cashier_system__rosidl_typesupport_cExport-noconfig.cmake
[8.162s] -- Installing: /home/priyanshi/ros2_ws/install/cashier_system/share/cashier_system/cmake/cashier_system__rosidl_typesupport_introspection_cppExport.cmake
[8.162s] -- Installing: /home/priyanshi/ros2_ws/install/cashier_system/share/cashier_system/cmake/cashier_system__rosidl_typesupport_introspection_cppExport-noconfig.cmake
[8.163s] -- Installing: /home/priyanshi/ros2_ws/install/cashier_system/share/cashier_system/cmake/cashier_system__rosidl_typesupport_cppExport.cmake
[8.163s] -- Installing: /home/priyanshi/ros2_ws/install/cashier_system/share/cashier_system/cmake/cashier_system__rosidl_typesupport_cppExport-noconfig.cmake
[8.163s] -- Installing: /home/priyanshi/ros2_ws/install/cashier_system/share/cashier_system/cmake/export_cashier_system__rosidl_generator_pyExport.cmake
[8.163s] -- Installing: /home/priyanshi/ros2_ws/install/cashier_system/share/cashier_system/cmake/export_cashier_system__rosidl_generator_pyExport-noconfig.cmake
[8.163s] -- Installing: /home/priyanshi/ros2_ws/install/cashier_system/share/cashier_system/cmake/rosidl_cmake-extras.cmake
[8.163s] -- Installing: /home/priyanshi/ros2_ws/install/cashier_system/share/cashier_system/cmake/ament_cmake_export_include_directories-extras.cmake
[8.163s] -- Installing: /home/priyanshi/ros2_ws/install/cashier_system/share/cashier_system/cmake/ament_cmake_export_libraries-extras.cmake
[8.163s] -- Installing: /home/priyanshi/ros2_ws/install/cashier_system/share/cashier_system/cmake/ament_cmake_export_targets-extras.cmake
[8.163s] -- Installing: /home/priyanshi/ros2_ws/install/cashier_system/share/cashier_system/cmake/rosidl_cmake_export_typesupport_targets-extras.cmake
[8.163s] -- Installing: /home/priyanshi/ros2_ws/install/cashier_system/share/cashier_system/cmake/ament_cmake_export_dependencies-extras.cmake
[8.163s] -- Installing: /home/priyanshi/ros2_ws/install/cashier_system/share/cashier_system/cmake/rosidl_cmake_export_typesupport_libraries-extras.cmake
[8.163s] -- Installing: /home/priyanshi/ros2_ws/install/cashier_system/share/cashier_system/cmake/cashier_systemConfig.cmake
[8.163s] -- Installing: /home/priyanshi/ros2_ws/install/cashier_system/share/cashier_system/cmake/cashier_systemConfig-version.cmake
[8.163s] -- Installing: /home/priyanshi/ros2_ws/install/cashier_system/share/cashier_system/package.xml
[8.165s] Invoked command in '/home/priyanshi/ros2_ws/build/cashier_system' returned '0': CMAKE_PREFIX_PATH=${CMAKE_PREFIX_PATH}:/opt/ros/humble /usr/bin/cmake --install /home/priyanshi/ros2_ws/build/cashier_system
