[0.007s] Invoking command in '/home/priyanshi/ros2_ws/build/cashier_system': CMAKE_PREFIX_PATH=${CMAKE_PREFIX_PATH}:/opt/ros/humble /usr/bin/cmake --build /home/priyanshi/ros2_ws/build/cashier_system -- -j16 -l16
[0.055s] [35m[1mConsolidate compiler generated dependencies of target cashier_system__rosidl_generator_c[0m
[0.057s] [35m[1mConsolidate compiler generated dependencies of target display_node[0m
[0.065s] [  2%] Built target cashier_system__cpp
[0.066s] [ 10%] Built target cashier_system__rosidl_generator_c
[0.068s] [ 13%] Built target cashier_system__rs
[0.079s] [35m[1mConsolidate compiler generated dependencies of target cashier_system__rosidl_typesupport_introspection_cpp[0m
[0.079s] [35m[1mConsolidate compiler generated dependencies of target cashier_system__rosidl_typesupport_cpp[0m
[0.079s] [35m[1mConsolidate compiler generated dependencies of target cashier_system__rosidl_typesupport_fastrtps_cpp[0m
[0.080s] [ 18%] Built target display_node
[0.081s] [35m[1mConsolidate compiler generated dependencies of target cashier_system__rosidl_typesupport_fastrtps_c[0m
[0.081s] [35m[1mConsolidate compiler generated dependencies of target cashier_system__rosidl_typesupport_c[0m
[0.082s] [35m[1mConsolidate compiler generated dependencies of target cashier_system__rosidl_typesupport_introspection_c[0m
[0.082s] [ 18%] Built target ament_cmake_python_copy_cashier_system
[0.095s] [ 31%] Built target cashier_system__rosidl_typesupport_cpp
[0.096s] [ 34%] Built target cashier_system__rosidl_typesupport_introspection_cpp
[0.096s] [ 42%] Built target cashier_system__rosidl_typesupport_c
[0.096s] [ 50%] Built target cashier_system__rosidl_typesupport_fastrtps_c
[0.097s] [ 57%] Built target cashier_system__rosidl_typesupport_fastrtps_cpp
[0.098s] [ 65%] Built target cashier_system__rosidl_typesupport_introspection_c
[0.115s] [ 65%] Built target cashier_system
[0.126s] [35m[1mConsolidate compiler generated dependencies of target inventory_node[0m
[0.126s] [35m[1mConsolidate compiler generated dependencies of target billing_node[0m
[0.129s] [ 68%] Built target cashier_system__py
[0.137s] [35m[1mConsolidate compiler generated dependencies of target cashier_system__rosidl_generator_py[0m
[0.139s] [ 73%] Built target billing_node
[0.140s] [ 76%] [32mBuilding CXX object CMakeFiles/inventory_node.dir/src/inventory_node.cpp.o[0m
[0.147s] [ 81%] Built target cashier_system__rosidl_generator_py
[0.154s] [35m[1mConsolidate compiler generated dependencies of target cashier_system__rosidl_typesupport_c__pyext[0m
[0.157s] [35m[1mConsolidate compiler generated dependencies of target cashier_system__rosidl_typesupport_fastrtps_c__pyext[0m
[0.157s] [35m[1mConsolidate compiler generated dependencies of target cashier_system__rosidl_typesupport_introspection_c__pyext[0m
[0.162s] [ 86%] Built target cashier_system__rosidl_typesupport_c__pyext
[0.168s] [ 92%] Built target cashier_system__rosidl_typesupport_fastrtps_c__pyext
[0.168s] [ 97%] Built target cashier_system__rosidl_typesupport_introspection_c__pyext
[0.236s] running egg_info
[0.237s] writing cashier_system.egg-info/PKG-INFO
[0.237s] writing dependency_links to cashier_system.egg-info/dependency_links.txt
[0.237s] writing top-level names to cashier_system.egg-info/top_level.txt
[0.238s] reading manifest file 'cashier_system.egg-info/SOURCES.txt'
[0.239s] writing manifest file 'cashier_system.egg-info/SOURCES.txt'
[0.259s] [ 97%] Built target ament_cmake_python_build_cashier_system_egg
[5.450s] [100%] [32m[1mLinking CXX executable inventory_node[0m
[5.712s] [100%] Built target inventory_node
[5.724s] Invoked command in '/home/priyanshi/ros2_ws/build/cashier_system' returned '0': CMAKE_PREFIX_PATH=${CMAKE_PREFIX_PATH}:/opt/ros/humble /usr/bin/cmake --build /home/priyanshi/ros2_ws/build/cashier_system -- -j16 -l16
[5.737s] Invoking command in '/home/priyanshi/ros2_ws/build/cashier_system': CMAKE_PREFIX_PATH=${CMAKE_PREFIX_PATH}:/opt/ros/humble /usr/bin/cmake --install /home/priyanshi/ros2_ws/build/cashier_system
[5.748s] -- Install configuration: ""
[5.748s] -- Up-to-date: /home/priyanshi/ros2_ws/install/cashier_system/share/ament_index/resource_index/rosidl_interfaces/cashier_system
[5.748s] -- Up-to-date: /home/priyanshi/ros2_ws/install/cashier_system/include/cashier_system/cashier_system
[5.748s] -- Up-to-date: /home/priyanshi/ros2_ws/install/cashier_system/include/cashier_system/cashier_system/msg
[5.748s] -- Up-to-date: /home/priyanshi/ros2_ws/install/cashier_system/include/cashier_system/cashier_system/msg/detail
[5.748s] -- Up-to-date: /home/priyanshi/ros2_ws/install/cashier_system/include/cashier_system/cashier_system/msg/detail/bill__functions.c
[5.748s] -- Up-to-date: /home/priyanshi/ros2_ws/install/cashier_system/include/cashier_system/cashier_system/msg/detail/bill__functions.h
[5.748s] -- Up-to-date: /home/priyanshi/ros2_ws/install/cashier_system/include/cashier_system/cashier_system/msg/detail/bill__type_support.h
[5.749s] -- Up-to-date: /home/priyanshi/ros2_ws/install/cashier_system/include/cashier_system/cashier_system/msg/detail/bill__struct.h
[5.749s] -- Up-to-date: /home/priyanshi/ros2_ws/install/cashier_system/include/cashier_system/cashier_system/msg/rosidl_generator_c__visibility_control.h
[5.749s] -- Up-to-date: /home/priyanshi/ros2_ws/install/cashier_system/include/cashier_system/cashier_system/msg/bill.h
[5.749s] -- Up-to-date: /home/priyanshi/ros2_ws/install/cashier_system/share/cashier_system/environment/library_path.sh
[5.749s] -- Up-to-date: /home/priyanshi/ros2_ws/install/cashier_system/share/cashier_system/environment/library_path.dsv
[5.749s] -- Up-to-date: /home/priyanshi/ros2_ws/install/cashier_system/lib/libcashier_system__rosidl_generator_c.so
[5.749s] -- Up-to-date: /home/priyanshi/ros2_ws/install/cashier_system/include/cashier_system/cashier_system
[5.749s] -- Up-to-date: /home/priyanshi/ros2_ws/install/cashier_system/include/cashier_system/cashier_system/msg
[5.749s] -- Up-to-date: /home/priyanshi/ros2_ws/install/cashier_system/include/cashier_system/cashier_system/msg/detail
[5.749s] -- Up-to-date: /home/priyanshi/ros2_ws/install/cashier_system/include/cashier_system/cashier_system/msg/detail/bill__rosidl_typesupport_fastrtps_c.h
[5.749s] -- Up-to-date: /home/priyanshi/ros2_ws/install/cashier_system/include/cashier_system/cashier_system/msg/rosidl_typesupport_fastrtps_c__visibility_control.h
[5.749s] -- Up-to-date: /home/priyanshi/ros2_ws/install/cashier_system/lib/libcashier_system__rosidl_typesupport_fastrtps_c.so
[5.749s] -- Up-to-date: /home/priyanshi/ros2_ws/install/cashier_system/include/cashier_system/cashier_system
[5.750s] -- Up-to-date: /home/priyanshi/ros2_ws/install/cashier_system/include/cashier_system/cashier_system/msg
[5.750s] -- Up-to-date: /home/priyanshi/ros2_ws/install/cashier_system/include/cashier_system/cashier_system/msg/detail
[5.750s] -- Up-to-date: /home/priyanshi/ros2_ws/install/cashier_system/include/cashier_system/cashier_system/msg/detail/bill__builder.hpp
[5.750s] -- Up-to-date: /home/priyanshi/ros2_ws/install/cashier_system/include/cashier_system/cashier_system/msg/detail/bill__traits.hpp
[5.750s] -- Up-to-date: /home/priyanshi/ros2_ws/install/cashier_system/include/cashier_system/cashier_system/msg/detail/bill__type_support.hpp
[5.750s] -- Up-to-date: /home/priyanshi/ros2_ws/install/cashier_system/include/cashier_system/cashier_system/msg/detail/bill__struct.hpp
[5.750s] -- Up-to-date: /home/priyanshi/ros2_ws/install/cashier_system/include/cashier_system/cashier_system/msg/rosidl_generator_cpp__visibility_control.hpp
[5.750s] -- Up-to-date: /home/priyanshi/ros2_ws/install/cashier_system/include/cashier_system/cashier_system/msg/bill.hpp
[5.750s] -- Up-to-date: /home/priyanshi/ros2_ws/install/cashier_system/include/cashier_system/cashier_system
[5.750s] -- Up-to-date: /home/priyanshi/ros2_ws/install/cashier_system/include/cashier_system/cashier_system/msg
[5.750s] -- Up-to-date: /home/priyanshi/ros2_ws/install/cashier_system/include/cashier_system/cashier_system/msg/detail
[5.750s] -- Up-to-date: /home/priyanshi/ros2_ws/install/cashier_system/include/cashier_system/cashier_system/msg/detail/bill__rosidl_typesupport_fastrtps_cpp.hpp
[5.750s] -- Up-to-date: /home/priyanshi/ros2_ws/install/cashier_system/include/cashier_system/cashier_system/msg/detail/dds_fastrtps
[5.750s] -- Up-to-date: /home/priyanshi/ros2_ws/install/cashier_system/include/cashier_system/cashier_system/msg/rosidl_typesupport_fastrtps_cpp__visibility_control.h
[5.750s] -- Up-to-date: /home/priyanshi/ros2_ws/install/cashier_system/lib/libcashier_system__rosidl_typesupport_fastrtps_cpp.so
[5.751s] -- Up-to-date: /home/priyanshi/ros2_ws/install/cashier_system/include/cashier_system/cashier_system
[5.751s] -- Up-to-date: /home/priyanshi/ros2_ws/install/cashier_system/include/cashier_system/cashier_system/msg
[5.751s] -- Up-to-date: /home/priyanshi/ros2_ws/install/cashier_system/include/cashier_system/cashier_system/msg/detail
[5.751s] -- Up-to-date: /home/priyanshi/ros2_ws/install/cashier_system/include/cashier_system/cashier_system/msg/detail/bill__rosidl_typesupport_introspection_c.h
[5.751s] -- Up-to-date: /home/priyanshi/ros2_ws/install/cashier_system/include/cashier_system/cashier_system/msg/detail/bill__type_support.c
[5.751s] -- Up-to-date: /home/priyanshi/ros2_ws/install/cashier_system/include/cashier_system/cashier_system/msg/rosidl_typesupport_introspection_c__visibility_control.h
[5.751s] -- Up-to-date: /home/priyanshi/ros2_ws/install/cashier_system/lib/libcashier_system__rosidl_typesupport_introspection_c.so
[5.751s] -- Up-to-date: /home/priyanshi/ros2_ws/install/cashier_system/lib/libcashier_system__rosidl_typesupport_c.so
[5.751s] -- Up-to-date: /home/priyanshi/ros2_ws/install/cashier_system/include/cashier_system/cashier_system
[5.751s] -- Up-to-date: /home/priyanshi/ros2_ws/install/cashier_system/include/cashier_system/cashier_system/msg
[5.751s] -- Up-to-date: /home/priyanshi/ros2_ws/install/cashier_system/include/cashier_system/cashier_system/msg/detail
[5.751s] -- Up-to-date: /home/priyanshi/ros2_ws/install/cashier_system/include/cashier_system/cashier_system/msg/detail/bill__type_support.cpp
[5.751s] -- Up-to-date: /home/priyanshi/ros2_ws/install/cashier_system/include/cashier_system/cashier_system/msg/detail/bill__rosidl_typesupport_introspection_cpp.hpp
[5.751s] -- Up-to-date: /home/priyanshi/ros2_ws/install/cashier_system/lib/libcashier_system__rosidl_typesupport_introspection_cpp.so
[5.751s] -- Up-to-date: /home/priyanshi/ros2_ws/install/cashier_system/lib/libcashier_system__rosidl_typesupport_cpp.so
[5.752s] -- Up-to-date: /home/priyanshi/ros2_ws/install/cashier_system/share/cashier_system/environment/pythonpath.sh
[5.752s] -- Up-to-date: /home/priyanshi/ros2_ws/install/cashier_system/share/cashier_system/environment/pythonpath.dsv
[5.752s] -- Up-to-date: /home/priyanshi/ros2_ws/install/cashier_system/local/lib/python3.10/dist-packages/cashier_system-0.0.0-py3.10.egg-info
[5.752s] -- Installing: /home/priyanshi/ros2_ws/install/cashier_system/local/lib/python3.10/dist-packages/cashier_system-0.0.0-py3.10.egg-info/top_level.txt
[5.752s] -- Installing: /home/priyanshi/ros2_ws/install/cashier_system/local/lib/python3.10/dist-packages/cashier_system-0.0.0-py3.10.egg-info/PKG-INFO
[5.752s] -- Installing: /home/priyanshi/ros2_ws/install/cashier_system/local/lib/python3.10/dist-packages/cashier_system-0.0.0-py3.10.egg-info/SOURCES.txt
[5.752s] -- Installing: /home/priyanshi/ros2_ws/install/cashier_system/local/lib/python3.10/dist-packages/cashier_system-0.0.0-py3.10.egg-info/dependency_links.txt
[5.752s] -- Up-to-date: /home/priyanshi/ros2_ws/install/cashier_system/local/lib/python3.10/dist-packages/cashier_system
[5.752s] -- Up-to-date: /home/priyanshi/ros2_ws/install/cashier_system/local/lib/python3.10/dist-packages/cashier_system/msg
[5.752s] -- Up-to-date: /home/priyanshi/ros2_ws/install/cashier_system/local/lib/python3.10/dist-packages/cashier_system/msg/_bill.py
[5.752s] -- Up-to-date: /home/priyanshi/ros2_ws/install/cashier_system/local/lib/python3.10/dist-packages/cashier_system/msg/__init__.py
[5.752s] -- Up-to-date: /home/priyanshi/ros2_ws/install/cashier_system/local/lib/python3.10/dist-packages/cashier_system/msg/_bill_s.c
[5.752s] -- Up-to-date: /home/priyanshi/ros2_ws/install/cashier_system/local/lib/python3.10/dist-packages/cashier_system/_cashier_system_s.ep.rosidl_typesupport_c.c
[5.752s] -- Up-to-date: /home/priyanshi/ros2_ws/install/cashier_system/local/lib/python3.10/dist-packages/cashier_system/libcashier_system__rosidl_generator_py.so
[5.752s] -- Up-to-date: /home/priyanshi/ros2_ws/install/cashier_system/local/lib/python3.10/dist-packages/cashier_system/_cashier_system_s.ep.rosidl_typesupport_fastrtps_c.c
[5.752s] -- Up-to-date: /home/priyanshi/ros2_ws/install/cashier_system/local/lib/python3.10/dist-packages/cashier_system/cashier_system_s__rosidl_typesupport_fastrtps_c.cpython-310-x86_64-linux-gnu.so
[5.753s] -- Up-to-date: /home/priyanshi/ros2_ws/install/cashier_system/local/lib/python3.10/dist-packages/cashier_system/__init__.py
[5.753s] -- Up-to-date: /home/priyanshi/ros2_ws/install/cashier_system/local/lib/python3.10/dist-packages/cashier_system/cashier_system_s__rosidl_typesupport_c.cpython-310-x86_64-linux-gnu.so
[5.753s] -- Up-to-date: /home/priyanshi/ros2_ws/install/cashier_system/local/lib/python3.10/dist-packages/cashier_system/cashier_system_s__rosidl_typesupport_introspection_c.cpython-310-x86_64-linux-gnu.so
[5.753s] -- Up-to-date: /home/priyanshi/ros2_ws/install/cashier_system/local/lib/python3.10/dist-packages/cashier_system/_cashier_system_s.ep.rosidl_typesupport_introspection_c.c
[5.773s] Listing '/home/priyanshi/ros2_ws/install/cashier_system/local/lib/python3.10/dist-packages/cashier_system'...
[5.773s] Listing '/home/priyanshi/ros2_ws/install/cashier_system/local/lib/python3.10/dist-packages/cashier_system/msg'...
[5.776s] -- Up-to-date: /home/priyanshi/ros2_ws/install/cashier_system/local/lib/python3.10/dist-packages/cashier_system/cashier_system_s__rosidl_typesupport_fastrtps_c.cpython-310-x86_64-linux-gnu.so
[5.776s] -- Up-to-date: /home/priyanshi/ros2_ws/install/cashier_system/local/lib/python3.10/dist-packages/cashier_system/cashier_system_s__rosidl_typesupport_introspection_c.cpython-310-x86_64-linux-gnu.so
[5.776s] -- Up-to-date: /home/priyanshi/ros2_ws/install/cashier_system/local/lib/python3.10/dist-packages/cashier_system/cashier_system_s__rosidl_typesupport_c.cpython-310-x86_64-linux-gnu.so
[5.776s] -- Up-to-date: /home/priyanshi/ros2_ws/install/cashier_system/lib/libcashier_system__rosidl_generator_py.so
[5.776s] -- Up-to-date: /home/priyanshi/ros2_ws/install/cashier_system/share/ament_index/resource_index/rust_packages/cashier_system
[5.776s] -- Up-to-date: /home/priyanshi/ros2_ws/install/cashier_system/share/cashier_system/rust
[5.776s] -- Up-to-date: /home/priyanshi/ros2_ws/install/cashier_system/share/cashier_system/rust/src
[5.776s] -- Up-to-date: /home/priyanshi/ros2_ws/install/cashier_system/share/cashier_system/rust/src/msg
[5.776s] -- Up-to-date: /home/priyanshi/ros2_ws/install/cashier_system/share/cashier_system/rust/src/msg/rmw.rs
[5.776s] -- Up-to-date: /home/priyanshi/ros2_ws/install/cashier_system/share/cashier_system/rust/src/msg.rs
[5.776s] -- Up-to-date: /home/priyanshi/ros2_ws/install/cashier_system/share/cashier_system/rust/src/lib.rs
[5.776s] -- Up-to-date: /home/priyanshi/ros2_ws/install/cashier_system/share/cashier_system/rust/build.rs
[5.776s] -- Up-to-date: /home/priyanshi/ros2_ws/install/cashier_system/share/cashier_system/rust/Cargo.toml
[5.776s] -- Up-to-date: /home/priyanshi/ros2_ws/install/cashier_system/share/cashier_system/msg/Bill.idl
[5.776s] -- Up-to-date: /home/priyanshi/ros2_ws/install/cashier_system/share/cashier_system/msg/Bill.msg
[5.776s] -- Up-to-date: /home/priyanshi/ros2_ws/install/cashier_system/lib/cashier_system/billing_node
[5.776s] -- Installing: /home/priyanshi/ros2_ws/install/cashier_system/lib/cashier_system/inventory_node
[5.778s] -- Set runtime path of "/home/priyanshi/ros2_ws/install/cashier_system/lib/cashier_system/inventory_node" to ""
[5.778s] -- Up-to-date: /home/priyanshi/ros2_ws/install/cashier_system/lib/cashier_system/display_node
[5.778s] -- Up-to-date: /home/priyanshi/ros2_ws/install/cashier_system/share/ament_index/resource_index/package_run_dependencies/cashier_system
[5.778s] -- Up-to-date: /home/priyanshi/ros2_ws/install/cashier_system/share/ament_index/resource_index/parent_prefix_path/cashier_system
[5.778s] -- Up-to-date: /home/priyanshi/ros2_ws/install/cashier_system/share/cashier_system/environment/ament_prefix_path.sh
[5.778s] -- Up-to-date: /home/priyanshi/ros2_ws/install/cashier_system/share/cashier_system/environment/ament_prefix_path.dsv
[5.778s] -- Up-to-date: /home/priyanshi/ros2_ws/install/cashier_system/share/cashier_system/environment/path.sh
[5.778s] -- Up-to-date: /home/priyanshi/ros2_ws/install/cashier_system/share/cashier_system/environment/path.dsv
[5.778s] -- Up-to-date: /home/priyanshi/ros2_ws/install/cashier_system/share/cashier_system/local_setup.bash
[5.778s] -- Up-to-date: /home/priyanshi/ros2_ws/install/cashier_system/share/cashier_system/local_setup.sh
[5.778s] -- Up-to-date: /home/priyanshi/ros2_ws/install/cashier_system/share/cashier_system/local_setup.zsh
[5.778s] -- Up-to-date: /home/priyanshi/ros2_ws/install/cashier_system/share/cashier_system/local_setup.dsv
[5.778s] -- Installing: /home/priyanshi/ros2_ws/install/cashier_system/share/cashier_system/package.dsv
[5.778s] -- Up-to-date: /home/priyanshi/ros2_ws/install/cashier_system/share/ament_index/resource_index/packages/cashier_system
[5.779s] -- Up-to-date: /home/priyanshi/ros2_ws/install/cashier_system/share/cashier_system/cmake/export_cashier_system__rosidl_generator_cExport.cmake
[5.779s] -- Up-to-date: /home/priyanshi/ros2_ws/install/cashier_system/share/cashier_system/cmake/export_cashier_system__rosidl_generator_cExport-noconfig.cmake
[5.779s] -- Up-to-date: /home/priyanshi/ros2_ws/install/cashier_system/share/cashier_system/cmake/export_cashier_system__rosidl_typesupport_fastrtps_cExport.cmake
[5.779s] -- Up-to-date: /home/priyanshi/ros2_ws/install/cashier_system/share/cashier_system/cmake/export_cashier_system__rosidl_typesupport_fastrtps_cExport-noconfig.cmake
[5.779s] -- Up-to-date: /home/priyanshi/ros2_ws/install/cashier_system/share/cashier_system/cmake/export_cashier_system__rosidl_generator_cppExport.cmake
[5.779s] -- Up-to-date: /home/priyanshi/ros2_ws/install/cashier_system/share/cashier_system/cmake/export_cashier_system__rosidl_typesupport_fastrtps_cppExport.cmake
[5.779s] -- Up-to-date: /home/priyanshi/ros2_ws/install/cashier_system/share/cashier_system/cmake/export_cashier_system__rosidl_typesupport_fastrtps_cppExport-noconfig.cmake
[5.779s] -- Up-to-date: /home/priyanshi/ros2_ws/install/cashier_system/share/cashier_system/cmake/cashier_system__rosidl_typesupport_introspection_cExport.cmake
[5.779s] -- Up-to-date: /home/priyanshi/ros2_ws/install/cashier_system/share/cashier_system/cmake/cashier_system__rosidl_typesupport_introspection_cExport-noconfig.cmake
[5.779s] -- Up-to-date: /home/priyanshi/ros2_ws/install/cashier_system/share/cashier_system/cmake/cashier_system__rosidl_typesupport_cExport.cmake
[5.779s] -- Up-to-date: /home/priyanshi/ros2_ws/install/cashier_system/share/cashier_system/cmake/cashier_system__rosidl_typesupport_cExport-noconfig.cmake
[5.779s] -- Up-to-date: /home/priyanshi/ros2_ws/install/cashier_system/share/cashier_system/cmake/cashier_system__rosidl_typesupport_introspection_cppExport.cmake
[5.779s] -- Up-to-date: /home/priyanshi/ros2_ws/install/cashier_system/share/cashier_system/cmake/cashier_system__rosidl_typesupport_introspection_cppExport-noconfig.cmake
[5.779s] -- Up-to-date: /home/priyanshi/ros2_ws/install/cashier_system/share/cashier_system/cmake/cashier_system__rosidl_typesupport_cppExport.cmake
[5.779s] -- Up-to-date: /home/priyanshi/ros2_ws/install/cashier_system/share/cashier_system/cmake/cashier_system__rosidl_typesupport_cppExport-noconfig.cmake
[5.779s] -- Up-to-date: /home/priyanshi/ros2_ws/install/cashier_system/share/cashier_system/cmake/export_cashier_system__rosidl_generator_pyExport.cmake
[5.779s] -- Up-to-date: /home/priyanshi/ros2_ws/install/cashier_system/share/cashier_system/cmake/export_cashier_system__rosidl_generator_pyExport-noconfig.cmake
[5.779s] -- Up-to-date: /home/priyanshi/ros2_ws/install/cashier_system/share/cashier_system/cmake/rosidl_cmake-extras.cmake
[5.779s] -- Up-to-date: /home/priyanshi/ros2_ws/install/cashier_system/share/cashier_system/cmake/ament_cmake_export_include_directories-extras.cmake
[5.779s] -- Up-to-date: /home/priyanshi/ros2_ws/install/cashier_system/share/cashier_system/cmake/ament_cmake_export_libraries-extras.cmake
[5.779s] -- Up-to-date: /home/priyanshi/ros2_ws/install/cashier_system/share/cashier_system/cmake/ament_cmake_export_targets-extras.cmake
[5.779s] -- Up-to-date: /home/priyanshi/ros2_ws/install/cashier_system/share/cashier_system/cmake/rosidl_cmake_export_typesupport_targets-extras.cmake
[5.779s] -- Up-to-date: /home/priyanshi/ros2_ws/install/cashier_system/share/cashier_system/cmake/ament_cmake_export_dependencies-extras.cmake
[5.779s] -- Up-to-date: /home/priyanshi/ros2_ws/install/cashier_system/share/cashier_system/cmake/rosidl_cmake_export_typesupport_libraries-extras.cmake
[5.779s] -- Up-to-date: /home/priyanshi/ros2_ws/install/cashier_system/share/cashier_system/cmake/cashier_systemConfig.cmake
[5.779s] -- Up-to-date: /home/priyanshi/ros2_ws/install/cashier_system/share/cashier_system/cmake/cashier_systemConfig-version.cmake
[5.779s] -- Up-to-date: /home/priyanshi/ros2_ws/install/cashier_system/share/cashier_system/package.xml
[5.781s] Invoked command in '/home/priyanshi/ros2_ws/build/cashier_system' returned '0': CMAKE_PREFIX_PATH=${CMAKE_PREFIX_PATH}:/opt/ros/humble /usr/bin/cmake --install /home/priyanshi/ros2_ws/build/cashier_system
